<?xml version="1.0" encoding="UTF-8"?>
<testsuite xmlns:xsi="http://www.w3.org/2001/XMLSchema-instance" xsi:noNamespaceSchemaLocation="https://maven.apache.org/surefire/maven-surefire-plugin/xsd/surefire-test-report-3.0.xsd" version="3.0" name="TestSuite" time="0.481" tests="4" errors="0" skipped="0" failures="0">
  <properties>
[...]
</properties>
  <testcase name="fourthTest" classname="test.SecondTestSuite" time="0.005">
    <system-out><![CDATA[fourthTest
]]></system-out>
  </testcase>
  <testcase name="thirdTest" classname="test.SecondTestSuite" time="0.001">
    <system-out><![CDATA[thirdTest
]]></system-out>
  </testcase>
  <testcase name="firstTest" classname="test.FirstTestSuite" time="0">
    <system-out><![CDATA[firstTest
]]></system-out>
  </testcase>
  <testcase name="secondTest" classname="test.FirstTestSuite" time="0">
    <system-out><![CDATA[secondTest
]]></system-out>
  </testcase>
</testsuite>