<?xml version="1.0" encoding="UTF-8"?>
<!-- Generated by org.testng.reporters.JUnitXMLReporter -->
<testsuite ignored="0" hostname="hasnat" failures="0" tests="4" name="LambdaFunctionTest" time="0.039" errors="0" timestamp="2021-12-22T13:37:46 BDT">
  <testcase classname="test.SecondTestSuite" name="fourthTest" time="0.004"/>
  <testcase classname="test.SecondTestSuite" name="thirdTest" time="0.0"/>
  <testcase classname="test.FirstTestSuite" name="firstTest" time="0.0"/>
  <testcase classname="test.FirstTestSuite" name="secondTest" time="0.001"/>
</testsuite> <!-- LambdaFunctionTest -->
